Vivado Simulator 2019.2
Time resolution is 1 ps
Note: nb_cycle_horloge : 12
Time: 215 ns  Iteration: 0  Process: /PGCD_tb/uut/cal_output  File: C:/Users/dimit/Documents/Cours ENSEIRB/Verification_tests_materiels/EN224-Test-et-verification/2_Hardware/Etape_5/etape_5/etape_1.srcs/sources_1/new/PGCD.vhd
Note: nb_cycle_horloge : 18
Time: 415 ns  Iteration: 0  Process: /PGCD_tb/uut/cal_output  File: C:/Users/dimit/Documents/Cours ENSEIRB/Verification_tests_materiels/EN224-Test-et-verification/2_Hardware/Etape_5/etape_5/etape_1.srcs/sources_1/new/PGCD.vhd
Error: Reste différent de 0 entre A et Copy_A
Time: 415 ns  Iteration: 0  Process: /PGCD_tb/uut/cal_output  File: C:/Users/dimit/Documents/Cours ENSEIRB/Verification_tests_materiels/EN224-Test-et-verification/2_Hardware/Etape_5/etape_5/etape_1.srcs/sources_1/new/PGCD.vhd
Error: Reste différent de 0 entre B et Copy_B
Time: 415 ns  Iteration: 0  Process: /PGCD_tb/uut/cal_output  File: C:/Users/dimit/Documents/Cours ENSEIRB/Verification_tests_materiels/EN224-Test-et-verification/2_Hardware/Etape_5/etape_5/etape_1.srcs/sources_1/new/PGCD.vhd
Note: nb_cycle_horloge : 12
Time: 555 ns  Iteration: 0  Process: /PGCD_tb/uut/cal_output  File: C:/Users/dimit/Documents/Cours ENSEIRB/Verification_tests_materiels/EN224-Test-et-verification/2_Hardware/Etape_5/etape_5/etape_1.srcs/sources_1/new/PGCD.vhd
Note: nb_cycle_horloge : 16
Time: 735 ns  Iteration: 0  Process: /PGCD_tb/uut/cal_output  File: C:/Users/dimit/Documents/Cours ENSEIRB/Verification_tests_materiels/EN224-Test-et-verification/2_Hardware/Etape_5/etape_5/etape_1.srcs/sources_1/new/PGCD.vhd
Note: nb_cycle_horloge : 14
Time: 895 ns  Iteration: 0  Process: /PGCD_tb/uut/cal_output  File: C:/Users/dimit/Documents/Cours ENSEIRB/Verification_tests_materiels/EN224-Test-et-verification/2_Hardware/Etape_5/etape_5/etape_1.srcs/sources_1/new/PGCD.vhd
Error: Reste différent de 0 entre A et Copy_A
Time: 895 ns  Iteration: 0  Process: /PGCD_tb/uut/cal_output  File: C:/Users/dimit/Documents/Cours ENSEIRB/Verification_tests_materiels/EN224-Test-et-verification/2_Hardware/Etape_5/etape_5/etape_1.srcs/sources_1/new/PGCD.vhd
Error: Reste différent de 0 entre B et Copy_B
Time: 895 ns  Iteration: 0  Process: /PGCD_tb/uut/cal_output  File: C:/Users/dimit/Documents/Cours ENSEIRB/Verification_tests_materiels/EN224-Test-et-verification/2_Hardware/Etape_5/etape_5/etape_1.srcs/sources_1/new/PGCD.vhd
